<?xml version="1.0" encoding="UTF-8"?>
<!-- Generated by org.testng.reporters.JUnitXMLReporter -->
<testsuite ignored="3" hostname="LAPTOP-S80L74PF" failures="0" tests="1" name="Default test" time="12.28" errors="0" timestamp="2026-04-26T20:47:43 IST">
  <testcase classname="tests.CartTest" name="verifyDeleteProductFromCart" time="8.455"/>
  <testcase classname="tests.CartTest" name="verifyTotalPriceAfterDeletion" time="0.0">
    <ignored/>
  </testcase> <!-- verifyTotalPriceAfterDeletion -->
  <testcase classname="tests.CartTest" name="verifyAddTwoProductsToCart" time="0.0">
    <ignored/>
  </testcase> <!-- verifyAddTwoProductsToCart -->
  <testcase classname="tests.CartTest" name="verifyAddSingleProductToCart" time="0.0">
    <ignored/>
  </testcase> <!-- verifyAddSingleProductToCart -->
</testsuite> <!-- Default test -->
