<?xml version="1.0" encoding="UTF-8"?>
<!-- Generated by org.testng.reporters.JUnitXMLReporter -->
<testsuite ignored="0" hostname="LAPTOP-S80L74PF" failures="0" tests="4" name="Auth Tests" time="37.743" errors="0" timestamp="2026-04-26T20:51:39 IST">
  <testcase classname="tests.AuthTest" name="verifyLogin" time="4.413"/>
  <testcase classname="tests.AuthTest" name="verifyLogin" time="2.652"/>
  <testcase classname="tests.AuthTest" name="verifyLogout" time="14.986"/>
  <testcase classname="tests.AuthTest" name="verifySignup" time="2.325"/>
</testsuite> <!-- Auth Tests -->
