<?xml version="1.0" encoding="UTF-8"?>
<!-- Generated by org.testng.reporters.JUnitXMLReporter -->
<testsuite ignored="0" hostname="LAPTOP-S80L74PF" failures="0" tests="5" name="Cart Tests" time="54.045" errors="0" timestamp="2026-04-26T20:52:20 IST">
  <testcase classname="tests.CartTest" name="verifyAddSingleProductToCart" time="1.846">
    <skipped/>
  </testcase> <!-- verifyAddSingleProductToCart -->
  <testcase classname="tests.CartTest" name="verifyAddSingleProductToCart" time="7.455"/>
  <testcase classname="tests.CartTest" name="verifyAddTwoProductsToCart" time="10.147"/>
  <testcase classname="tests.CartTest" name="verifyDeleteProductFromCart" time="9.13"/>
  <testcase classname="tests.CartTest" name="verifyTotalPriceAfterDeletion" time="12.244"/>
</testsuite> <!-- Cart Tests -->
