<?xml version="1.0" encoding="UTF-8"?>
<!-- Generated by org.testng.reporters.JUnitXMLReporter -->
<testsuite ignored="0" hostname="LAPTOP-S80L74PF" failures="0" tests="3" name="Form Validation Tests" time="11.775" errors="0" timestamp="2026-04-26T20:52:27 IST">
  <testcase classname="tests.FormValidationTest" name="verifyLoginWithEmptyUsername" time="2.208"/>
  <testcase classname="tests.FormValidationTest" name="verifySignupFieldsRetainValues" time="1.092"/>
  <testcase classname="tests.FormValidationTest" name="verifySignupWithExistingUser" time="2.253"/>
</testsuite> <!-- Form Validation Tests -->
