<?xml version="1.0" encoding="UTF-8"?>
<!-- Generated by org.testng.reporters.JUnitXMLReporter -->
<testsuite ignored="0" hostname="LAPTOP-S80L74PF" failures="0" tests="4" name="Order Tests" time="35.871" errors="0" timestamp="2026-04-26T20:52:15 IST">
  <testcase classname="tests.OrderTest" name="verifyOrderIdInConfirmation" time="8.715"/>
  <testcase classname="tests.OrderTest" name="verifyOrderWithEmptyFields" time="0.969">
    <skipped/>
  </testcase> <!-- verifyOrderWithEmptyFields -->
  <testcase classname="tests.OrderTest" name="verifyOrderWithEmptyFields" time="7.538"/>
  <testcase classname="tests.OrderTest" name="verifySuccessfulOrderPlacement" time="7.755"/>
</testsuite> <!-- Order Tests -->
