<?xml version="1.0" encoding="UTF-8"?>
<!-- Generated by org.testng.reporters.JUnitXMLReporter -->
<testsuite ignored="0" hostname="LAPTOP-S80L74PF" failures="0" tests="5" name="Product Tests" time="23.714" errors="0" timestamp="2026-04-26T20:51:25 IST">
  <testcase classname="tests.ProductTest" name="verifyHomeReloadsAllProducts" time="3.419"/>
  <testcase classname="tests.ProductTest" name="verifyLaptopsCategoryProducts" time="1.009"/>
  <testcase classname="tests.ProductTest" name="verifyPhonesCategoryProducts" time="0.427"/>
  <testcase classname="tests.ProductTest" name="verifyProductDetailsForSelectedProduct" time="0.873">
    <skipped/>
  </testcase> <!-- verifyProductDetailsForSelectedProduct -->
  <testcase classname="tests.ProductTest" name="verifyProductDetailsForSelectedProduct" time="2.601"/>
</testsuite> <!-- Product Tests -->
