<?xml version="1.0" encoding="UTF-8"?>
<testng-results retried="3" ignored="3" total="24" passed="18" failed="0" skipped="0">
  <reporter-output>
  </reporter-output>
  <suite started-at="2026-04-26T20:51:01 IST" name="DemoBlaze Suite" finished-at="2026-04-26T20:52:27 IST" duration-ms="85510">
    <groups>
    </groups>
    <test started-at="2026-04-26T20:51:01 IST" name="Product Tests" finished-at="2026-04-26T20:51:25 IST" duration-ms="23714">
      <class name="tests.ProductTest">
        <test-method is-config="true" signature="setUp()[pri:0, instance:tests.ProductTest@7a6d7e92]" started-at="2026-04-26T20:51:01 IST" name="setUp" finished-at="2026-04-26T20:51:06 IST" duration-ms="4733" status="PASS">
          <reporter-output>
          </reporter-output>
        </test-method> <!-- setUp -->
        <test-method signature="verifyHomeReloadsAllProducts()[pri:0, instance:tests.ProductTest@7a6d7e92]" started-at="2026-04-26T20:51:06 IST" name="verifyHomeReloadsAllProducts" finished-at="2026-04-26T20:51:10 IST" duration-ms="3419" status="PASS">
          <reporter-output>
          </reporter-output>
        </test-method> <!-- verifyHomeReloadsAllProducts -->
        <test-method is-config="true" signature="tearDown()[pri:0, instance:tests.ProductTest@7a6d7e92]" started-at="2026-04-26T20:51:10 IST" name="tearDown" finished-at="2026-04-26T20:51:10 IST" duration-ms="180" status="PASS">
          <reporter-output>
          </reporter-output>
        </test-method> <!-- tearDown -->
        <test-method is-config="true" signature="setUp()[pri:0, instance:tests.ProductTest@7a6d7e92]" started-at="2026-04-26T20:51:10 IST" name="setUp" finished-at="2026-04-26T20:51:12 IST" duration-ms="2208" status="PASS">
          <reporter-output>
          </reporter-output>
        </test-method> <!-- setUp -->
        <test-method signature="verifyLaptopsCategoryProducts()[pri:0, instance:tests.ProductTest@7a6d7e92]" started-at="2026-04-26T20:51:12 IST" name="verifyLaptopsCategoryProducts" finished-at="2026-04-26T20:51:13 IST" duration-ms="1009" status="PASS">
          <reporter-output>
          </reporter-output>
        </test-method> <!-- verifyLaptopsCategoryProducts -->
        <test-method is-config="true" signature="tearDown()[pri:0, instance:tests.ProductTest@7a6d7e92]" started-at="2026-04-26T20:51:13 IST" name="tearDown" finished-at="2026-04-26T20:51:13 IST" duration-ms="181" status="PASS">
          <reporter-output>
          </reporter-output>
        </test-method> <!-- tearDown -->
        <test-method is-config="true" signature="setUp()[pri:0, instance:tests.ProductTest@7a6d7e92]" started-at="2026-04-26T20:51:13 IST" name="setUp" finished-at="2026-04-26T20:51:15 IST" duration-ms="2235" status="PASS">
          <reporter-output>
          </reporter-output>
        </test-method> <!-- setUp -->
        <test-method signature="verifyPhonesCategoryProducts()[pri:0, instance:tests.ProductTest@7a6d7e92]" started-at="2026-04-26T20:51:15 IST" name="verifyPhonesCategoryProducts" finished-at="2026-04-26T20:51:16 IST" duration-ms="427" status="PASS">
          <reporter-output>
          </reporter-output>
        </test-method> <!-- verifyPhonesCategoryProducts -->
        <test-method is-config="true" signature="tearDown()[pri:0, instance:tests.ProductTest@7a6d7e92]" started-at="2026-04-26T20:51:16 IST" name="tearDown" finished-at="2026-04-26T20:51:16 IST" duration-ms="257" status="PASS">
          <reporter-output>
          </reporter-output>
        </test-method> <!-- tearDown -->
        <test-method is-config="true" signature="setUp()[pri:0, instance:tests.ProductTest@7a6d7e92]" started-at="2026-04-26T20:51:16 IST" name="setUp" finished-at="2026-04-26T20:51:18 IST" duration-ms="2396" status="PASS">
          <reporter-output>
          </reporter-output>
        </test-method> <!-- setUp -->
        <test-method retried="true" signature="verifyProductDetailsForSelectedProduct()[pri:0, instance:tests.ProductTest@7a6d7e92]" started-at="2026-04-26T20:51:18 IST" name="verifyProductDetailsForSelectedProduct" finished-at="2026-04-26T20:51:19 IST" duration-ms="873" status="SKIP">
          <exception class="org.openqa.selenium.StaleElementReferenceException">
            <message>
              <![CDATA[stale element reference: stale element not found in the current frame
  (Session info: chrome=147.0.7727.116)
For documentation on this error, please visit: https://www.selenium.dev/documentation/webdriver/troubleshooting/errors#staleelementreferenceexception
Build info: version: '4.39.0', revision: '126f156aee'
System info: os.name: 'Windows 11', os.arch: 'amd64', os.version: '10.0', java.version: '17.0.16'
Driver info: org.openqa.selenium.chrome.ChromeDriver
Command: [bf6972490c2ef74f902567147c5231e7, clickElement {id=f.787A5EF12E222525C96029352E638097.d.C8DE7ADB5CBDFB07FBC8B656E5D1C7AB.e.45}]
Capabilities {acceptInsecureCerts: false, browserName: chrome, browserVersion: 147.0.7727.116, chrome: {chromedriverVersion: 147.0.7727.117 (474cc805edd..., userDataDir: C:\Users\91996\AppData\Loca...}, fedcm:accounts: true, goog:chromeOptions: {debuggerAddress: localhost:55609}, goog:processID: 24088, networkConnectionEnabled: false, pageLoadStrategy: normal, platformName: windows, proxy: Proxy(), se:cdp: ws://localhost:55609/devtoo..., se:cdpVersion: 147.0.7727.116, setWindowRect: true, strictFileInteractability: false, timeouts: {implicit: 0, pageLoad: 300000, script: 30000}, unhandledPromptBehavior: dismiss and notify, webauthn:extension:credBlob: true, webauthn:extension:largeBlob: true, webauthn:extension:minPinLength: true, webauthn:extension:prf: true, webauthn:virtualAuthenticators: true}
Element: [[ChromeDriver: chrome on windows (bf6972490c2ef74f902567147c5231e7)] -> xpath: //a[text()='Samsung galaxy s6']]
Session ID: bf6972490c2ef74f902567147c5231e7]]>
            </message>
            <full-stacktrace>
              <![CDATA[org.openqa.selenium.StaleElementReferenceException: stale element reference: stale element not found in the current frame
  (Session info: chrome=147.0.7727.116)
For documentation on this error, please visit: https://www.selenium.dev/documentation/webdriver/troubleshooting/errors#staleelementreferenceexception
Build info: version: '4.39.0', revision: '126f156aee'
System info: os.name: 'Windows 11', os.arch: 'amd64', os.version: '10.0', java.version: '17.0.16'
Driver info: org.openqa.selenium.chrome.ChromeDriver
Command: [bf6972490c2ef74f902567147c5231e7, clickElement {id=f.787A5EF12E222525C96029352E638097.d.C8DE7ADB5CBDFB07FBC8B656E5D1C7AB.e.45}]
Capabilities {acceptInsecureCerts: false, browserName: chrome, browserVersion: 147.0.7727.116, chrome: {chromedriverVersion: 147.0.7727.117 (474cc805edd..., userDataDir: C:\Users\91996\AppData\Loca...}, fedcm:accounts: true, goog:chromeOptions: {debuggerAddress: localhost:55609}, goog:processID: 24088, networkConnectionEnabled: false, pageLoadStrategy: normal, platformName: windows, proxy: Proxy(), se:cdp: ws://localhost:55609/devtoo..., se:cdpVersion: 147.0.7727.116, setWindowRect: true, strictFileInteractability: false, timeouts: {implicit: 0, pageLoad: 300000, script: 30000}, unhandledPromptBehavior: dismiss and notify, webauthn:extension:credBlob: true, webauthn:extension:largeBlob: true, webauthn:extension:minPinLength: true, webauthn:extension:prf: true, webauthn:virtualAuthenticators: true}
Element: [[ChromeDriver: chrome on windows (bf6972490c2ef74f902567147c5231e7)] -> xpath: //a[text()='Samsung galaxy s6']]
Session ID: bf6972490c2ef74f902567147c5231e7
at java.base/jdk.internal.reflect.NativeConstructorAccessorImpl.newInstance0(Native Method)
at java.base/jdk.internal.reflect.NativeConstructorAccessorImpl.newInstance(NativeConstructorAccessorImpl.java:77)
at java.base/jdk.internal.reflect.DelegatingConstructorAccessorImpl.newInstance(DelegatingConstructorAccessorImpl.java:45)
at java.base/java.lang.reflect.Constructor.newInstanceWithCaller(Constructor.java:499)
at java.base/java.lang.reflect.Constructor.newInstance(Constructor.java:480)
at org.openqa.selenium.remote.ErrorCodec.decode(ErrorCodec.java:167)
at org.openqa.selenium.remote.codec.w3c.W3CHttpResponseCodec.decode(W3CHttpResponseCodec.java:142)
at org.openqa.selenium.remote.codec.w3c.W3CHttpResponseCodec.decode(W3CHttpResponseCodec.java:49)
at org.openqa.selenium.remote.HttpCommandExecutor.execute(HttpCommandExecutor.java:215)
at org.openqa.selenium.remote.service.DriverCommandExecutor.invokeExecute(DriverCommandExecutor.java:216)
at org.openqa.selenium.remote.service.DriverCommandExecutor.execute(DriverCommandExecutor.java:174)
at org.openqa.selenium.remote.RemoteWebDriver.execute(RemoteWebDriver.java:561)
at org.openqa.selenium.remote.RemoteWebElement.execute(RemoteWebElement.java:223)
at org.openqa.selenium.remote.RemoteWebElement.click(RemoteWebElement.java:76)
at base.BasePage.click(BasePage.java:33)
at pages.ProductPage.selectProductByName(ProductPage.java:54)
at tests.ProductTest.verifyProductDetailsForSelectedProduct(ProductTest.java:46)
at java.base/jdk.internal.reflect.NativeMethodAccessorImpl.invoke0(Native Method)
at java.base/jdk.internal.reflect.NativeMethodAccessorImpl.invoke(NativeMethodAccessorImpl.java:77)
at java.base/jdk.internal.reflect.DelegatingMethodAccessorImpl.invoke(DelegatingMethodAccessorImpl.java:43)
at java.base/java.lang.reflect.Method.invoke(Method.java:568)
at org.testng.internal.invokers.MethodInvocationHelper.invokeMethod(MethodInvocationHelper.java:141)
at org.testng.internal.invokers.TestInvoker.invokeMethod(TestInvoker.java:686)
at org.testng.internal.invokers.TestInvoker.invokeTestMethod(TestInvoker.java:230)
at org.testng.internal.invokers.MethodRunner.runInSequence(MethodRunner.java:63)
at org.testng.internal.invokers.TestInvoker$MethodInvocationAgent.invoke(TestInvoker.java:992)
at org.testng.internal.invokers.TestInvoker.invokeTestMethods(TestInvoker.java:203)
at org.testng.internal.invokers.TestMethodWorker.invokeTestMethods(TestMethodWorker.java:154)
at org.testng.internal.invokers.TestMethodWorker.run(TestMethodWorker.java:134)
at java.base/java.util.ArrayList.forEach(ArrayList.java:1511)
at org.testng.TestRunner.privateRun(TestRunner.java:739)
at org.testng.TestRunner.run(TestRunner.java:614)
at org.testng.SuiteRunner.runTest(SuiteRunner.java:421)
at org.testng.SuiteRunner$SuiteWorker.run(SuiteRunner.java:463)
at org.testng.internal.thread.ThreadUtil.lambda$execute$0(ThreadUtil.java:64)
at java.base/java.util.concurrent.FutureTask.run(FutureTask.java:264)
at java.base/java.util.concurrent.ThreadPoolExecutor.runWorker(ThreadPoolExecutor.java:1136)
at java.base/java.util.concurrent.ThreadPoolExecutor$Worker.run(ThreadPoolExecutor.java:635)
at java.base/java.lang.Thread.run(Thread.java:842)
]]>
            </full-stacktrace>
          </exception> <!-- org.openqa.selenium.StaleElementReferenceException -->
          <reporter-output>
          </reporter-output>
        </test-method> <!-- verifyProductDetailsForSelectedProduct -->
        <test-method is-config="true" signature="tearDown()[pri:0, instance:tests.ProductTest@7a6d7e92]" started-at="2026-04-26T20:51:19 IST" name="tearDown" finished-at="2026-04-26T20:51:20 IST" duration-ms="204" status="PASS">
          <reporter-output>
          </reporter-output>
        </test-method> <!-- tearDown -->
        <test-method is-config="true" signature="setUp()[pri:0, instance:tests.ProductTest@7a6d7e92]" started-at="2026-04-26T20:51:20 IST" name="setUp" finished-at="2026-04-26T20:51:22 IST" duration-ms="2706" status="PASS">
          <reporter-output>
          </reporter-output>
        </test-method> <!-- setUp -->
        <test-method signature="verifyProductDetailsForSelectedProduct()[pri:0, instance:tests.ProductTest@7a6d7e92]" started-at="2026-04-26T20:51:22 IST" name="verifyProductDetailsForSelectedProduct" finished-at="2026-04-26T20:51:25 IST" duration-ms="2601" status="PASS">
          <reporter-output>
          </reporter-output>
        </test-method> <!-- verifyProductDetailsForSelectedProduct -->
        <test-method is-config="true" signature="tearDown()[pri:0, instance:tests.ProductTest@7a6d7e92]" started-at="2026-04-26T20:51:25 IST" name="tearDown" finished-at="2026-04-26T20:51:25 IST" duration-ms="212" status="PASS">
          <reporter-output>
          </reporter-output>
        </test-method> <!-- tearDown -->
      </class> <!-- tests.ProductTest -->
    </test> <!-- Product Tests -->
    <test started-at="2026-04-26T20:51:01 IST" name="Auth Tests" finished-at="2026-04-26T20:51:39 IST" duration-ms="37743">
      <class name="tests.AuthTest">
        <test-method is-config="true" signature="setUp()[pri:0, instance:tests.AuthTest@4d1c005e]" started-at="2026-04-26T20:51:03 IST" name="setUp" finished-at="2026-04-26T20:51:06 IST" duration-ms="3578" status="PASS">
          <reporter-output>
          </reporter-output>
        </test-method> <!-- setUp -->
        <test-method signature="verifyLogin(java.lang.String,java.lang.String,java.lang.String)[pri:0, instance:tests.AuthTest@4d1c005e]" started-at="2026-04-26T20:51:06 IST" name="verifyLogin" data-provider="loginExcelData" finished-at="2026-04-26T20:51:11 IST" duration-ms="4413" status="PASS">
          <params>
            <param index="0">
              <value>
                <![CDATA[VaishnaviP]]>
              </value>
            </param>
            <param index="1">
              <value>
                <![CDATA[Password123]]>
              </value>
            </param>
            <param index="2">
              <value>
                <![CDATA[success]]>
              </value>
            </param>
          </params>
          <reporter-output>
          </reporter-output>
        </test-method> <!-- verifyLogin -->
        <test-method is-config="true" signature="tearDown()[pri:0, instance:tests.AuthTest@4d1c005e]" started-at="2026-04-26T20:51:11 IST" name="tearDown" finished-at="2026-04-26T20:51:11 IST" duration-ms="301" status="PASS">
          <reporter-output>
          </reporter-output>
        </test-method> <!-- tearDown -->
        <test-method is-config="true" signature="setUp()[pri:0, instance:tests.AuthTest@4d1c005e]" started-at="2026-04-26T20:51:11 IST" name="setUp" finished-at="2026-04-26T20:51:13 IST" duration-ms="2413" status="PASS">
          <reporter-output>
          </reporter-output>
        </test-method> <!-- setUp -->
        <test-method signature="verifyLogin(java.lang.String,java.lang.String,java.lang.String)[pri:0, instance:tests.AuthTest@4d1c005e]" started-at="2026-04-26T20:51:13 IST" name="verifyLogin" data-provider="loginExcelData" finished-at="2026-04-26T20:51:16 IST" duration-ms="2652" status="PASS">
          <params>
            <param index="0">
              <value>
                <![CDATA[testuser]]>
              </value>
            </param>
            <param index="1">
              <value>
                <![CDATA[1234.0]]>
              </value>
            </param>
            <param index="2">
              <value>
                <![CDATA[failure]]>
              </value>
            </param>
          </params>
          <reporter-output>
          </reporter-output>
        </test-method> <!-- verifyLogin -->
        <test-method is-config="true" signature="tearDown()[pri:0, instance:tests.AuthTest@4d1c005e]" started-at="2026-04-26T20:51:16 IST" name="tearDown" finished-at="2026-04-26T20:51:16 IST" duration-ms="251" status="PASS">
          <reporter-output>
          </reporter-output>
        </test-method> <!-- tearDown -->
        <test-method is-config="true" signature="setUp()[pri:0, instance:tests.AuthTest@4d1c005e]" started-at="2026-04-26T20:51:16 IST" name="setUp" finished-at="2026-04-26T20:51:19 IST" duration-ms="2683" status="PASS">
          <reporter-output>
          </reporter-output>
        </test-method> <!-- setUp -->
        <test-method signature="verifyLogout()[pri:0, instance:tests.AuthTest@4d1c005e]" started-at="2026-04-26T20:51:19 IST" name="verifyLogout" finished-at="2026-04-26T20:51:34 IST" duration-ms="14986" status="PASS">
          <reporter-output>
          </reporter-output>
        </test-method> <!-- verifyLogout -->
        <test-method is-config="true" signature="tearDown()[pri:0, instance:tests.AuthTest@4d1c005e]" started-at="2026-04-26T20:51:34 IST" name="tearDown" finished-at="2026-04-26T20:51:34 IST" duration-ms="251" status="PASS">
          <reporter-output>
          </reporter-output>
        </test-method> <!-- tearDown -->
        <test-method is-config="true" signature="setUp()[pri:0, instance:tests.AuthTest@4d1c005e]" started-at="2026-04-26T20:51:34 IST" name="setUp" finished-at="2026-04-26T20:51:36 IST" duration-ms="2344" status="PASS">
          <reporter-output>
          </reporter-output>
        </test-method> <!-- setUp -->
        <test-method signature="verifySignup()[pri:0, instance:tests.AuthTest@4d1c005e]" started-at="2026-04-26T20:51:36 IST" name="verifySignup" finished-at="2026-04-26T20:51:39 IST" duration-ms="2325" status="PASS">
          <reporter-output>
          </reporter-output>
        </test-method> <!-- verifySignup -->
        <test-method is-config="true" signature="tearDown()[pri:0, instance:tests.AuthTest@4d1c005e]" started-at="2026-04-26T20:51:39 IST" name="tearDown" finished-at="2026-04-26T20:51:39 IST" duration-ms="282" status="PASS">
          <reporter-output>
          </reporter-output>
        </test-method> <!-- tearDown -->
      </class> <!-- tests.AuthTest -->
    </test> <!-- Auth Tests -->
    <test started-at="2026-04-26T20:51:39 IST" name="Order Tests" finished-at="2026-04-26T20:52:15 IST" duration-ms="35871">
      <class name="tests.OrderTest">
        <test-method is-config="true" signature="setUp()[pri:0, instance:tests.OrderTest@28cda624]" started-at="2026-04-26T20:51:39 IST" name="setUp" finished-at="2026-04-26T20:51:42 IST" duration-ms="3154" status="PASS">
          <reporter-output>
          </reporter-output>
        </test-method> <!-- setUp -->
        <test-method signature="verifyOrderIdInConfirmation()[pri:0, instance:tests.OrderTest@28cda624]" started-at="2026-04-26T20:51:42 IST" name="verifyOrderIdInConfirmation" finished-at="2026-04-26T20:51:51 IST" duration-ms="8715" status="PASS">
          <reporter-output>
          </reporter-output>
        </test-method> <!-- verifyOrderIdInConfirmation -->
        <test-method is-config="true" signature="tearDown()[pri:0, instance:tests.OrderTest@28cda624]" started-at="2026-04-26T20:51:51 IST" name="tearDown" finished-at="2026-04-26T20:51:51 IST" duration-ms="329" status="PASS">
          <reporter-output>
          </reporter-output>
        </test-method> <!-- tearDown -->
        <test-method is-config="true" signature="setUp()[pri:0, instance:tests.OrderTest@28cda624]" started-at="2026-04-26T20:51:51 IST" name="setUp" finished-at="2026-04-26T20:51:54 IST" duration-ms="2355" status="PASS">
          <reporter-output>
          </reporter-output>
        </test-method> <!-- setUp -->
        <test-method retried="true" signature="verifyOrderWithEmptyFields()[pri:0, instance:tests.OrderTest@28cda624]" started-at="2026-04-26T20:51:54 IST" name="verifyOrderWithEmptyFields" finished-at="2026-04-26T20:51:55 IST" duration-ms="969" status="SKIP">
          <exception class="org.openqa.selenium.StaleElementReferenceException">
            <message>
              <![CDATA[stale element reference: stale element not found in the current frame
  (Session info: chrome=147.0.7727.116)
For documentation on this error, please visit: https://www.selenium.dev/documentation/webdriver/troubleshooting/errors#staleelementreferenceexception
Build info: version: '4.39.0', revision: '126f156aee'
System info: os.name: 'Windows 11', os.arch: 'amd64', os.version: '10.0', java.version: '17.0.16'
Driver info: org.openqa.selenium.chrome.ChromeDriver
Command: [00b0bc7b21ae48c76c0a45035b113d74, clickElement {id=f.7CE9340391D697945646E30548DBEE5E.d.140560FFFD206F7506E2055E00E661FE.e.46}]
Capabilities {acceptInsecureCerts: false, browserName: chrome, browserVersion: 147.0.7727.116, chrome: {chromedriverVersion: 147.0.7727.117 (474cc805edd..., userDataDir: C:\Users\91996\AppData\Loca...}, fedcm:accounts: true, goog:chromeOptions: {debuggerAddress: localhost:56444}, goog:processID: 32796, networkConnectionEnabled: false, pageLoadStrategy: normal, platformName: windows, proxy: Proxy(), se:cdp: ws://localhost:56444/devtoo..., se:cdpVersion: 147.0.7727.116, setWindowRect: true, strictFileInteractability: false, timeouts: {implicit: 0, pageLoad: 300000, script: 30000}, unhandledPromptBehavior: dismiss and notify, webauthn:extension:credBlob: true, webauthn:extension:largeBlob: true, webauthn:extension:minPinLength: true, webauthn:extension:prf: true, webauthn:virtualAuthenticators: true}
Element: [[ChromeDriver: chrome on windows (00b0bc7b21ae48c76c0a45035b113d74)] -> xpath: //a[text()='Samsung galaxy s6']]
Session ID: 00b0bc7b21ae48c76c0a45035b113d74]]>
            </message>
            <full-stacktrace>
              <![CDATA[org.openqa.selenium.StaleElementReferenceException: stale element reference: stale element not found in the current frame
  (Session info: chrome=147.0.7727.116)
For documentation on this error, please visit: https://www.selenium.dev/documentation/webdriver/troubleshooting/errors#staleelementreferenceexception
Build info: version: '4.39.0', revision: '126f156aee'
System info: os.name: 'Windows 11', os.arch: 'amd64', os.version: '10.0', java.version: '17.0.16'
Driver info: org.openqa.selenium.chrome.ChromeDriver
Command: [00b0bc7b21ae48c76c0a45035b113d74, clickElement {id=f.7CE9340391D697945646E30548DBEE5E.d.140560FFFD206F7506E2055E00E661FE.e.46}]
Capabilities {acceptInsecureCerts: false, browserName: chrome, browserVersion: 147.0.7727.116, chrome: {chromedriverVersion: 147.0.7727.117 (474cc805edd..., userDataDir: C:\Users\91996\AppData\Loca...}, fedcm:accounts: true, goog:chromeOptions: {debuggerAddress: localhost:56444}, goog:processID: 32796, networkConnectionEnabled: false, pageLoadStrategy: normal, platformName: windows, proxy: Proxy(), se:cdp: ws://localhost:56444/devtoo..., se:cdpVersion: 147.0.7727.116, setWindowRect: true, strictFileInteractability: false, timeouts: {implicit: 0, pageLoad: 300000, script: 30000}, unhandledPromptBehavior: dismiss and notify, webauthn:extension:credBlob: true, webauthn:extension:largeBlob: true, webauthn:extension:minPinLength: true, webauthn:extension:prf: true, webauthn:virtualAuthenticators: true}
Element: [[ChromeDriver: chrome on windows (00b0bc7b21ae48c76c0a45035b113d74)] -> xpath: //a[text()='Samsung galaxy s6']]
Session ID: 00b0bc7b21ae48c76c0a45035b113d74
at java.base/jdk.internal.reflect.NativeConstructorAccessorImpl.newInstance0(Native Method)
at java.base/jdk.internal.reflect.NativeConstructorAccessorImpl.newInstance(NativeConstructorAccessorImpl.java:77)
at java.base/jdk.internal.reflect.DelegatingConstructorAccessorImpl.newInstance(DelegatingConstructorAccessorImpl.java:45)
at java.base/java.lang.reflect.Constructor.newInstanceWithCaller(Constructor.java:499)
at java.base/java.lang.reflect.Constructor.newInstance(Constructor.java:480)
at org.openqa.selenium.remote.ErrorCodec.decode(ErrorCodec.java:167)
at org.openqa.selenium.remote.codec.w3c.W3CHttpResponseCodec.decode(W3CHttpResponseCodec.java:142)
at org.openqa.selenium.remote.codec.w3c.W3CHttpResponseCodec.decode(W3CHttpResponseCodec.java:49)
at org.openqa.selenium.remote.HttpCommandExecutor.execute(HttpCommandExecutor.java:215)
at org.openqa.selenium.remote.service.DriverCommandExecutor.invokeExecute(DriverCommandExecutor.java:216)
at org.openqa.selenium.remote.service.DriverCommandExecutor.execute(DriverCommandExecutor.java:174)
at org.openqa.selenium.remote.RemoteWebDriver.execute(RemoteWebDriver.java:561)
at org.openqa.selenium.remote.RemoteWebElement.execute(RemoteWebElement.java:223)
at org.openqa.selenium.remote.RemoteWebElement.click(RemoteWebElement.java:76)
at base.BasePage.click(BasePage.java:33)
at pages.ProductPage.selectProductByName(ProductPage.java:54)
at tests.OrderTest.verifyOrderWithEmptyFields(OrderTest.java:71)
at java.base/jdk.internal.reflect.NativeMethodAccessorImpl.invoke0(Native Method)
at java.base/jdk.internal.reflect.NativeMethodAccessorImpl.invoke(NativeMethodAccessorImpl.java:77)
at java.base/jdk.internal.reflect.DelegatingMethodAccessorImpl.invoke(DelegatingMethodAccessorImpl.java:43)
at java.base/java.lang.reflect.Method.invoke(Method.java:568)
at org.testng.internal.invokers.MethodInvocationHelper.invokeMethod(MethodInvocationHelper.java:141)
at org.testng.internal.invokers.TestInvoker.invokeMethod(TestInvoker.java:686)
at org.testng.internal.invokers.TestInvoker.invokeTestMethod(TestInvoker.java:230)
at org.testng.internal.invokers.MethodRunner.runInSequence(MethodRunner.java:63)
at org.testng.internal.invokers.TestInvoker$MethodInvocationAgent.invoke(TestInvoker.java:992)
at org.testng.internal.invokers.TestInvoker.invokeTestMethods(TestInvoker.java:203)
at org.testng.internal.invokers.TestMethodWorker.invokeTestMethods(TestMethodWorker.java:154)
at org.testng.internal.invokers.TestMethodWorker.run(TestMethodWorker.java:134)
at java.base/java.util.ArrayList.forEach(ArrayList.java:1511)
at org.testng.TestRunner.privateRun(TestRunner.java:739)
at org.testng.TestRunner.run(TestRunner.java:614)
at org.testng.SuiteRunner.runTest(SuiteRunner.java:421)
at org.testng.SuiteRunner$SuiteWorker.run(SuiteRunner.java:463)
at org.testng.internal.thread.ThreadUtil.lambda$execute$0(ThreadUtil.java:64)
at java.base/java.util.concurrent.FutureTask.run(FutureTask.java:264)
at java.base/java.util.concurrent.ThreadPoolExecutor.runWorker(ThreadPoolExecutor.java:1136)
at java.base/java.util.concurrent.ThreadPoolExecutor$Worker.run(ThreadPoolExecutor.java:635)
at java.base/java.lang.Thread.run(Thread.java:842)
]]>
            </full-stacktrace>
          </exception> <!-- org.openqa.selenium.StaleElementReferenceException -->
          <reporter-output>
          </reporter-output>
        </test-method> <!-- verifyOrderWithEmptyFields -->
        <test-method is-config="true" signature="tearDown()[pri:0, instance:tests.OrderTest@28cda624]" started-at="2026-04-26T20:51:55 IST" name="tearDown" finished-at="2026-04-26T20:51:55 IST" duration-ms="241" status="PASS">
          <reporter-output>
          </reporter-output>
        </test-method> <!-- tearDown -->
        <test-method is-config="true" signature="setUp()[pri:0, instance:tests.OrderTest@28cda624]" started-at="2026-04-26T20:51:55 IST" name="setUp" finished-at="2026-04-26T20:51:57 IST" duration-ms="2292" status="PASS">
          <reporter-output>
          </reporter-output>
        </test-method> <!-- setUp -->
        <test-method signature="verifyOrderWithEmptyFields()[pri:0, instance:tests.OrderTest@28cda624]" started-at="2026-04-26T20:51:57 IST" name="verifyOrderWithEmptyFields" finished-at="2026-04-26T20:52:05 IST" duration-ms="7538" status="PASS">
          <reporter-output>
          </reporter-output>
        </test-method> <!-- verifyOrderWithEmptyFields -->
        <test-method is-config="true" signature="tearDown()[pri:0, instance:tests.OrderTest@28cda624]" started-at="2026-04-26T20:52:05 IST" name="tearDown" finished-at="2026-04-26T20:52:05 IST" duration-ms="194" status="PASS">
          <reporter-output>
          </reporter-output>
        </test-method> <!-- tearDown -->
        <test-method is-config="true" signature="setUp()[pri:0, instance:tests.OrderTest@28cda624]" started-at="2026-04-26T20:52:05 IST" name="setUp" finished-at="2026-04-26T20:52:07 IST" duration-ms="2105" status="PASS">
          <reporter-output>
          </reporter-output>
        </test-method> <!-- setUp -->
        <test-method signature="verifySuccessfulOrderPlacement()[pri:0, instance:tests.OrderTest@28cda624]" started-at="2026-04-26T20:52:07 IST" name="verifySuccessfulOrderPlacement" finished-at="2026-04-26T20:52:15 IST" duration-ms="7755" status="PASS">
          <reporter-output>
          </reporter-output>
        </test-method> <!-- verifySuccessfulOrderPlacement -->
        <test-method is-config="true" signature="tearDown()[pri:0, instance:tests.OrderTest@28cda624]" started-at="2026-04-26T20:52:15 IST" name="tearDown" finished-at="2026-04-26T20:52:15 IST" duration-ms="215" status="PASS">
          <reporter-output>
          </reporter-output>
        </test-method> <!-- tearDown -->
      </class> <!-- tests.OrderTest -->
    </test> <!-- Order Tests -->
    <test started-at="2026-04-26T20:51:25 IST" name="Cart Tests" finished-at="2026-04-26T20:52:19 IST" duration-ms="54045">
      <class name="tests.CartTest">
        <test-method is-config="true" signature="setUp()[pri:0, instance:tests.CartTest@4f0f2942]" started-at="2026-04-26T20:51:25 IST" name="setUp" finished-at="2026-04-26T20:51:27 IST" duration-ms="1710" status="PASS">
          <reporter-output>
          </reporter-output>
        </test-method> <!-- setUp -->
        <test-method retried="true" signature="verifyAddSingleProductToCart()[pri:0, instance:tests.CartTest@4f0f2942]" started-at="2026-04-26T20:51:27 IST" name="verifyAddSingleProductToCart" finished-at="2026-04-26T20:51:29 IST" duration-ms="1846" status="SKIP">
          <exception class="org.openqa.selenium.StaleElementReferenceException">
            <message>
              <![CDATA[stale element reference: stale element not found in the current frame
  (Session info: chrome=147.0.7727.116)
For documentation on this error, please visit: https://www.selenium.dev/documentation/webdriver/troubleshooting/errors#staleelementreferenceexception
Build info: version: '4.39.0', revision: '126f156aee'
System info: os.name: 'Windows 11', os.arch: 'amd64', os.version: '10.0', java.version: '17.0.16'
Driver info: org.openqa.selenium.chrome.ChromeDriver
Command: [c063556e8dc23389ba7cdafffdfd820c, clickElement {id=f.A5929C8A9C1CFFF6CE0FF72FEA3EE2B0.d.84F40DA0D5DDC51EA48BB91136BCB06A.e.47}]
Capabilities {acceptInsecureCerts: false, browserName: chrome, browserVersion: 147.0.7727.116, chrome: {chromedriverVersion: 147.0.7727.117 (474cc805edd..., userDataDir: C:\Users\91996\AppData\Loca...}, fedcm:accounts: true, goog:chromeOptions: {debuggerAddress: localhost:52402}, goog:processID: 34484, networkConnectionEnabled: false, pageLoadStrategy: normal, platformName: windows, proxy: Proxy(), se:cdp: ws://localhost:52402/devtoo..., se:cdpVersion: 147.0.7727.116, setWindowRect: true, strictFileInteractability: false, timeouts: {implicit: 0, pageLoad: 300000, script: 30000}, unhandledPromptBehavior: dismiss and notify, webauthn:extension:credBlob: true, webauthn:extension:largeBlob: true, webauthn:extension:minPinLength: true, webauthn:extension:prf: true, webauthn:virtualAuthenticators: true}
Element: [[ChromeDriver: chrome on windows (c063556e8dc23389ba7cdafffdfd820c)] -> xpath: //a[text()='Samsung galaxy s6']]
Session ID: c063556e8dc23389ba7cdafffdfd820c]]>
            </message>
            <full-stacktrace>
              <![CDATA[org.openqa.selenium.StaleElementReferenceException: stale element reference: stale element not found in the current frame
  (Session info: chrome=147.0.7727.116)
For documentation on this error, please visit: https://www.selenium.dev/documentation/webdriver/troubleshooting/errors#staleelementreferenceexception
Build info: version: '4.39.0', revision: '126f156aee'
System info: os.name: 'Windows 11', os.arch: 'amd64', os.version: '10.0', java.version: '17.0.16'
Driver info: org.openqa.selenium.chrome.ChromeDriver
Command: [c063556e8dc23389ba7cdafffdfd820c, clickElement {id=f.A5929C8A9C1CFFF6CE0FF72FEA3EE2B0.d.84F40DA0D5DDC51EA48BB91136BCB06A.e.47}]
Capabilities {acceptInsecureCerts: false, browserName: chrome, browserVersion: 147.0.7727.116, chrome: {chromedriverVersion: 147.0.7727.117 (474cc805edd..., userDataDir: C:\Users\91996\AppData\Loca...}, fedcm:accounts: true, goog:chromeOptions: {debuggerAddress: localhost:52402}, goog:processID: 34484, networkConnectionEnabled: false, pageLoadStrategy: normal, platformName: windows, proxy: Proxy(), se:cdp: ws://localhost:52402/devtoo..., se:cdpVersion: 147.0.7727.116, setWindowRect: true, strictFileInteractability: false, timeouts: {implicit: 0, pageLoad: 300000, script: 30000}, unhandledPromptBehavior: dismiss and notify, webauthn:extension:credBlob: true, webauthn:extension:largeBlob: true, webauthn:extension:minPinLength: true, webauthn:extension:prf: true, webauthn:virtualAuthenticators: true}
Element: [[ChromeDriver: chrome on windows (c063556e8dc23389ba7cdafffdfd820c)] -> xpath: //a[text()='Samsung galaxy s6']]
Session ID: c063556e8dc23389ba7cdafffdfd820c
at java.base/jdk.internal.reflect.NativeConstructorAccessorImpl.newInstance0(Native Method)
at java.base/jdk.internal.reflect.NativeConstructorAccessorImpl.newInstance(NativeConstructorAccessorImpl.java:77)
at java.base/jdk.internal.reflect.DelegatingConstructorAccessorImpl.newInstance(DelegatingConstructorAccessorImpl.java:45)
at java.base/java.lang.reflect.Constructor.newInstanceWithCaller(Constructor.java:499)
at java.base/java.lang.reflect.Constructor.newInstance(Constructor.java:480)
at org.openqa.selenium.remote.ErrorCodec.decode(ErrorCodec.java:167)
at org.openqa.selenium.remote.codec.w3c.W3CHttpResponseCodec.decode(W3CHttpResponseCodec.java:142)
at org.openqa.selenium.remote.codec.w3c.W3CHttpResponseCodec.decode(W3CHttpResponseCodec.java:49)
at org.openqa.selenium.remote.HttpCommandExecutor.execute(HttpCommandExecutor.java:215)
at org.openqa.selenium.remote.service.DriverCommandExecutor.invokeExecute(DriverCommandExecutor.java:216)
at org.openqa.selenium.remote.service.DriverCommandExecutor.execute(DriverCommandExecutor.java:174)
at org.openqa.selenium.remote.RemoteWebDriver.execute(RemoteWebDriver.java:561)
at org.openqa.selenium.remote.RemoteWebElement.execute(RemoteWebElement.java:223)
at org.openqa.selenium.remote.RemoteWebElement.click(RemoteWebElement.java:76)
at base.BasePage.click(BasePage.java:33)
at pages.ProductPage.selectProductByName(ProductPage.java:54)
at tests.CartTest.verifyAddSingleProductToCart(CartTest.java:20)
at java.base/jdk.internal.reflect.NativeMethodAccessorImpl.invoke0(Native Method)
at java.base/jdk.internal.reflect.NativeMethodAccessorImpl.invoke(NativeMethodAccessorImpl.java:77)
at java.base/jdk.internal.reflect.DelegatingMethodAccessorImpl.invoke(DelegatingMethodAccessorImpl.java:43)
at java.base/java.lang.reflect.Method.invoke(Method.java:568)
at org.testng.internal.invokers.MethodInvocationHelper.invokeMethod(MethodInvocationHelper.java:141)
at org.testng.internal.invokers.TestInvoker.invokeMethod(TestInvoker.java:686)
at org.testng.internal.invokers.TestInvoker.invokeTestMethod(TestInvoker.java:230)
at org.testng.internal.invokers.MethodRunner.runInSequence(MethodRunner.java:63)
at org.testng.internal.invokers.TestInvoker$MethodInvocationAgent.invoke(TestInvoker.java:992)
at org.testng.internal.invokers.TestInvoker.invokeTestMethods(TestInvoker.java:203)
at org.testng.internal.invokers.TestMethodWorker.invokeTestMethods(TestMethodWorker.java:154)
at org.testng.internal.invokers.TestMethodWorker.run(TestMethodWorker.java:134)
at java.base/java.util.ArrayList.forEach(ArrayList.java:1511)
at org.testng.TestRunner.privateRun(TestRunner.java:739)
at org.testng.TestRunner.run(TestRunner.java:614)
at org.testng.SuiteRunner.runTest(SuiteRunner.java:421)
at org.testng.SuiteRunner$SuiteWorker.run(SuiteRunner.java:463)
at org.testng.internal.thread.ThreadUtil.lambda$execute$0(ThreadUtil.java:64)
at java.base/java.util.concurrent.FutureTask.run(FutureTask.java:264)
at java.base/java.util.concurrent.ThreadPoolExecutor.runWorker(ThreadPoolExecutor.java:1136)
at java.base/java.util.concurrent.ThreadPoolExecutor$Worker.run(ThreadPoolExecutor.java:635)
at java.base/java.lang.Thread.run(Thread.java:842)
]]>
            </full-stacktrace>
          </exception> <!-- org.openqa.selenium.StaleElementReferenceException -->
          <reporter-output>
          </reporter-output>
        </test-method> <!-- verifyAddSingleProductToCart -->
        <test-method is-config="true" signature="tearDown()[pri:0, instance:tests.CartTest@4f0f2942]" started-at="2026-04-26T20:51:29 IST" name="tearDown" finished-at="2026-04-26T20:51:29 IST" duration-ms="186" status="PASS">
          <reporter-output>
          </reporter-output>
        </test-method> <!-- tearDown -->
        <test-method is-config="true" signature="setUp()[pri:0, instance:tests.CartTest@4f0f2942]" started-at="2026-04-26T20:51:29 IST" name="setUp" finished-at="2026-04-26T20:51:32 IST" duration-ms="2618" status="PASS">
          <reporter-output>
          </reporter-output>
        </test-method> <!-- setUp -->
        <test-method signature="verifyAddSingleProductToCart()[pri:0, instance:tests.CartTest@4f0f2942]" started-at="2026-04-26T20:51:32 IST" name="verifyAddSingleProductToCart" finished-at="2026-04-26T20:51:39 IST" duration-ms="7455" status="PASS">
          <reporter-output>
          </reporter-output>
        </test-method> <!-- verifyAddSingleProductToCart -->
        <test-method is-config="true" signature="tearDown()[pri:0, instance:tests.CartTest@4f0f2942]" started-at="2026-04-26T20:51:39 IST" name="tearDown" finished-at="2026-04-26T20:51:39 IST" duration-ms="216" status="PASS">
          <reporter-output>
          </reporter-output>
        </test-method> <!-- tearDown -->
        <test-method is-config="true" signature="setUp()[pri:0, instance:tests.CartTest@4f0f2942]" started-at="2026-04-26T20:51:39 IST" name="setUp" finished-at="2026-04-26T20:51:42 IST" duration-ms="2521" status="PASS">
          <reporter-output>
          </reporter-output>
        </test-method> <!-- setUp -->
        <test-method signature="verifyAddTwoProductsToCart()[pri:0, instance:tests.CartTest@4f0f2942]" started-at="2026-04-26T20:51:42 IST" name="verifyAddTwoProductsToCart" finished-at="2026-04-26T20:51:52 IST" duration-ms="10147" status="PASS">
          <reporter-output>
          </reporter-output>
        </test-method> <!-- verifyAddTwoProductsToCart -->
        <test-method is-config="true" signature="tearDown()[pri:0, instance:tests.CartTest@4f0f2942]" started-at="2026-04-26T20:51:52 IST" name="tearDown" finished-at="2026-04-26T20:51:54 IST" duration-ms="1875" status="PASS">
          <reporter-output>
          </reporter-output>
        </test-method> <!-- tearDown -->
        <test-method is-config="true" signature="setUp()[pri:0, instance:tests.CartTest@4f0f2942]" started-at="2026-04-26T20:51:54 IST" name="setUp" finished-at="2026-04-26T20:51:55 IST" duration-ms="1413" status="PASS">
          <reporter-output>
          </reporter-output>
        </test-method> <!-- setUp -->
        <test-method signature="verifyDeleteProductFromCart()[pri:0, instance:tests.CartTest@4f0f2942]" started-at="2026-04-26T20:51:55 IST" name="verifyDeleteProductFromCart" finished-at="2026-04-26T20:52:05 IST" duration-ms="9130" status="PASS">
          <reporter-output>
          </reporter-output>
        </test-method> <!-- verifyDeleteProductFromCart -->
        <test-method is-config="true" signature="tearDown()[pri:0, instance:tests.CartTest@4f0f2942]" started-at="2026-04-26T20:52:05 IST" name="tearDown" finished-at="2026-04-26T20:52:05 IST" duration-ms="229" status="PASS">
          <reporter-output>
          </reporter-output>
        </test-method> <!-- tearDown -->
        <test-method is-config="true" signature="setUp()[pri:0, instance:tests.CartTest@4f0f2942]" started-at="2026-04-26T20:52:05 IST" name="setUp" finished-at="2026-04-26T20:52:07 IST" duration-ms="2152" status="PASS">
          <reporter-output>
          </reporter-output>
        </test-method> <!-- setUp -->
        <test-method signature="verifyTotalPriceAfterDeletion()[pri:0, instance:tests.CartTest@4f0f2942]" started-at="2026-04-26T20:52:07 IST" name="verifyTotalPriceAfterDeletion" finished-at="2026-04-26T20:52:19 IST" duration-ms="12244" status="PASS">
          <reporter-output>
          </reporter-output>
        </test-method> <!-- verifyTotalPriceAfterDeletion -->
        <test-method is-config="true" signature="tearDown()[pri:0, instance:tests.CartTest@4f0f2942]" started-at="2026-04-26T20:52:19 IST" name="tearDown" finished-at="2026-04-26T20:52:19 IST" duration-ms="290" status="PASS">
          <reporter-output>
          </reporter-output>
        </test-method> <!-- tearDown -->
      </class> <!-- tests.CartTest -->
    </test> <!-- Cart Tests -->
    <test started-at="2026-04-26T20:52:15 IST" name="Form Validation Tests" finished-at="2026-04-26T20:52:27 IST" duration-ms="11775">
      <class name="tests.FormValidationTest">
        <test-method is-config="true" signature="setUp()[pri:0, instance:tests.FormValidationTest@5c7bfdc1]" started-at="2026-04-26T20:52:15 IST" name="setUp" finished-at="2026-04-26T20:52:17 IST" duration-ms="1473" status="PASS">
          <reporter-output>
          </reporter-output>
        </test-method> <!-- setUp -->
        <test-method signature="verifyLoginWithEmptyUsername()[pri:0, instance:tests.FormValidationTest@5c7bfdc1]" started-at="2026-04-26T20:52:17 IST" name="verifyLoginWithEmptyUsername" finished-at="2026-04-26T20:52:19 IST" duration-ms="2208" status="PASS">
          <reporter-output>
          </reporter-output>
        </test-method> <!-- verifyLoginWithEmptyUsername -->
        <test-method is-config="true" signature="tearDown()[pri:0, instance:tests.FormValidationTest@5c7bfdc1]" started-at="2026-04-26T20:52:19 IST" name="tearDown" finished-at="2026-04-26T20:52:19 IST" duration-ms="189" status="PASS">
          <reporter-output>
          </reporter-output>
        </test-method> <!-- tearDown -->
        <test-method is-config="true" signature="setUp()[pri:0, instance:tests.FormValidationTest@5c7bfdc1]" started-at="2026-04-26T20:52:19 IST" name="setUp" finished-at="2026-04-26T20:52:21 IST" duration-ms="2267" status="PASS">
          <reporter-output>
          </reporter-output>
        </test-method> <!-- setUp -->
        <test-method signature="verifySignupFieldsRetainValues()[pri:0, instance:tests.FormValidationTest@5c7bfdc1]" started-at="2026-04-26T20:52:21 IST" name="verifySignupFieldsRetainValues" finished-at="2026-04-26T20:52:22 IST" duration-ms="1092" status="PASS">
          <reporter-output>
          </reporter-output>
        </test-method> <!-- verifySignupFieldsRetainValues -->
        <test-method is-config="true" signature="tearDown()[pri:0, instance:tests.FormValidationTest@5c7bfdc1]" started-at="2026-04-26T20:52:22 IST" name="tearDown" finished-at="2026-04-26T20:52:23 IST" duration-ms="221" status="PASS">
          <reporter-output>
          </reporter-output>
        </test-method> <!-- tearDown -->
        <test-method is-config="true" signature="setUp()[pri:0, instance:tests.FormValidationTest@5c7bfdc1]" started-at="2026-04-26T20:52:23 IST" name="setUp" finished-at="2026-04-26T20:52:24 IST" duration-ms="1807" status="PASS">
          <reporter-output>
          </reporter-output>
        </test-method> <!-- setUp -->
        <test-method signature="verifySignupWithExistingUser()[pri:0, instance:tests.FormValidationTest@5c7bfdc1]" started-at="2026-04-26T20:52:24 IST" name="verifySignupWithExistingUser" finished-at="2026-04-26T20:52:27 IST" duration-ms="2253" status="PASS">
          <reporter-output>
          </reporter-output>
        </test-method> <!-- verifySignupWithExistingUser -->
        <test-method is-config="true" signature="tearDown()[pri:0, instance:tests.FormValidationTest@5c7bfdc1]" started-at="2026-04-26T20:52:27 IST" name="tearDown" finished-at="2026-04-26T20:52:27 IST" duration-ms="261" status="PASS">
          <reporter-output>
          </reporter-output>
        </test-method> <!-- tearDown -->
      </class> <!-- tests.FormValidationTest -->
    </test> <!-- Form Validation Tests -->
  </suite> <!-- DemoBlaze Suite -->
</testng-results>
