<?xml version="1.0" encoding="UTF-8"?>
<!-- Generated by org.testng.reporters.JUnitXMLReporter -->
<testsuite ignored="0" hostname="LAPTOP-S80L74PF" failures="0" tests="4" name="Auth Tests" time="35.434" errors="0" timestamp="2026-04-26T20:43:56 IST">
  <testcase classname="tests.AuthTest" name="verifyLogin" time="3.584"/>
  <testcase classname="tests.AuthTest" name="verifyLogin" time="2.327"/>
  <testcase classname="tests.AuthTest" name="verifyLogout" time="14.476"/>
  <testcase classname="tests.AuthTest" name="verifySignup" time="2.164"/>
</testsuite> <!-- Auth Tests -->
