<?xml version="1.0" encoding="UTF-8"?>
<!-- Generated by org.testng.reporters.JUnitXMLReporter -->
<testsuite ignored="0" hostname="LAPTOP-S80L74PF" failures="0" tests="3" name="Form Validation Tests" time="12.764" errors="0" timestamp="2026-04-26T20:44:42 IST">
  <testcase classname="tests.FormValidationTest" name="verifyLoginWithEmptyUsername" time="1.21"/>
  <testcase classname="tests.FormValidationTest" name="verifySignupFieldsRetainValues" time="1.317"/>
  <testcase classname="tests.FormValidationTest" name="verifySignupWithExistingUser" time="2.508"/>
</testsuite> <!-- Form Validation Tests -->
