<?xml version="1.0" encoding="UTF-8"?>
<!-- Generated by org.testng.reporters.JUnitXMLReporter -->
<testsuite ignored="0" hostname="LAPTOP-S80L74PF" failures="0" tests="4" name="Order Tests" time="34.008" errors="0" timestamp="2026-04-26T20:44:30 IST">
  <testcase classname="tests.OrderTest" name="verifyOrderIdInConfirmation" time="9.089"/>
  <testcase classname="tests.OrderTest" name="verifyOrderWithEmptyFields" time="0.908">
    <skipped/>
  </testcase> <!-- verifyOrderWithEmptyFields -->
  <testcase classname="tests.OrderTest" name="verifyOrderWithEmptyFields" time="7.62"/>
  <testcase classname="tests.OrderTest" name="verifySuccessfulOrderPlacement" time="8.357"/>
</testsuite> <!-- Order Tests -->
