<?xml version="1.0" encoding="UTF-8"?>
<!-- Generated by org.testng.reporters.JUnitXMLReporter -->
<testsuite ignored="0" hostname="LAPTOP-S80L74PF" failures="0" tests="5" name="Product Tests" time="22.066" errors="0" timestamp="2026-04-26T20:43:43 IST">
  <testcase classname="tests.ProductTest" name="verifyHomeReloadsAllProducts" time="2.054"/>
  <testcase classname="tests.ProductTest" name="verifyLaptopsCategoryProducts" time="0.924">
    <skipped/>
  </testcase> <!-- verifyLaptopsCategoryProducts -->
  <testcase classname="tests.ProductTest" name="verifyLaptopsCategoryProducts" time="0.867"/>
  <testcase classname="tests.ProductTest" name="verifyPhonesCategoryProducts" time="0.856"/>
  <testcase classname="tests.ProductTest" name="verifyProductDetailsForSelectedProduct" time="1.746"/>
</testsuite> <!-- Product Tests -->
