<?xml version="1.0" encoding="UTF-8"?>
<testng-results ignored="0" total="1" passed="1" failed="0" skipped="0">
  <reporter-output>
  </reporter-output>
  <suite started-at="2026-04-26T20:47:31 IST" name="Default suite" finished-at="2026-04-26T20:47:43 IST" duration-ms="12280">
    <groups>
    </groups>
    <test started-at="2026-04-26T20:47:31 IST" name="Default test" finished-at="2026-04-26T20:47:43 IST" duration-ms="12280">
      <class name="tests.CartTest">
        <test-method is-config="true" signature="setUp()[pri:0, instance:tests.CartTest@639c2c1d]" started-at="2026-04-26T20:47:31 IST" name="setUp" finished-at="2026-04-26T20:47:34 IST" duration-ms="3501" status="PASS">
          <reporter-output>
          </reporter-output>
        </test-method> <!-- setUp -->
        <test-method signature="verifyDeleteProductFromCart()[pri:0, instance:tests.CartTest@639c2c1d]" started-at="2026-04-26T20:47:34 IST" name="verifyDeleteProductFromCart" finished-at="2026-04-26T20:47:43 IST" duration-ms="8455" status="PASS">
          <reporter-output>
          </reporter-output>
        </test-method> <!-- verifyDeleteProductFromCart -->
        <test-method is-config="true" signature="tearDown()[pri:0, instance:tests.CartTest@639c2c1d]" started-at="2026-04-26T20:47:43 IST" name="tearDown" finished-at="2026-04-26T20:47:43 IST" duration-ms="276" status="PASS">
          <reporter-output>
          </reporter-output>
        </test-method> <!-- tearDown -->
      </class> <!-- tests.CartTest -->
    </test> <!-- Default test -->
  </suite> <!-- Default suite -->
</testng-results>
