<?xml version="1.0" encoding="UTF-8"?>
<!-- Generated by org.testng.reporters.JUnitReportReporter -->
<testsuite hostname="LAPTOP-S80L74PF" failures="0" tests="4" name="tests.AuthTest" time="34.122" errors="0" timestamp="2026-04-26T20:44:42 IST" skipped="0">
  <testcase classname="tests.AuthTest" name="verifySignup" time="6.244"/>
  <testcase classname="tests.AuthTest" name="verifyLogin" time="6.340"/>
  <testcase classname="tests.AuthTest" name="verifyLogin" time="5.116"/>
  <testcase classname="tests.AuthTest" name="verifyLogout" time="16.422"/>
</testsuite> <!-- tests.AuthTest -->
