<?xml version="1.0" encoding="UTF-8"?>
<!-- Generated by org.testng.reporters.JUnitReportReporter -->
<testsuite hostname="LAPTOP-S80L74PF" failures="0" tests="3" name="tests.FormValidationTest" time="12.753" errors="0" timestamp="2026-04-26T20:44:42 IST" skipped="0">
  <testcase classname="tests.FormValidationTest" name="verifySignupFieldsRetainValues" time="3.641"/>
  <testcase classname="tests.FormValidationTest" name="verifyLoginWithEmptyUsername" time="4.250"/>
  <testcase classname="tests.FormValidationTest" name="verifySignupWithExistingUser" time="4.862"/>
</testsuite> <!-- tests.FormValidationTest -->
