<?xml version="1.0" encoding="UTF-8"?>
<!-- Generated by org.testng.reporters.JUnitReportReporter -->
<testsuite hostname="LAPTOP-S80L74PF" failures="0" tests="4" name="tests.OrderTest" time="33.997" errors="0" timestamp="2026-04-26T20:44:42 IST" skipped="1">
  <testcase classname="tests.OrderTest" name="verifyOrderWithEmptyFields" time="9.478"/>
  <testcase classname="tests.OrderTest" name="verifySuccessfulOrderPlacement" time="10.401"/>
  <testcase classname="tests.OrderTest" name="verifyOrderWithEmptyFields" time="2.496">
    <skipped/>
  </testcase> <!-- verifyOrderWithEmptyFields -->
  <testcase classname="tests.OrderTest" name="verifyOrderIdInConfirmation" time="11.622"/>
</testsuite> <!-- tests.OrderTest -->
