<?xml version="1.0" encoding="UTF-8"?>
<!-- Generated by org.testng.reporters.JUnitReportReporter -->
<testsuite hostname="LAPTOP-S80L74PF" failures="0" tests="5" name="tests.ProductTest" time="21.953" errors="0" timestamp="2026-04-26T20:44:42 IST" skipped="1">
  <testcase classname="tests.ProductTest" name="verifyHomeReloadsAllProducts" time="4.101"/>
  <testcase classname="tests.ProductTest" name="verifyProductDetailsForSelectedProduct" time="5.141"/>
  <testcase classname="tests.ProductTest" name="verifyLaptopsCategoryProducts" time="6.355"/>
  <testcase classname="tests.ProductTest" name="verifyLaptopsCategoryProducts" time="3.231">
    <skipped/>
  </testcase> <!-- verifyLaptopsCategoryProducts -->
  <testcase classname="tests.ProductTest" name="verifyPhonesCategoryProducts" time="3.125"/>
</testsuite> <!-- tests.ProductTest -->
