<?xml version="1.0" encoding="UTF-8"?>
<!-- Generated by org.testng.reporters.JUnitReportReporter -->
<testsuite hostname="LAPTOP-S80L74PF" failures="0" tests="4" name="tests.AuthTest" time="36.479" errors="0" timestamp="2026-04-26T20:52:27 IST" skipped="0">
  <testcase classname="tests.AuthTest" name="verifyLogin" time="5.586"/>
  <testcase classname="tests.AuthTest" name="verifyLogout" time="18.815"/>
  <testcase classname="tests.AuthTest" name="verifyLogin" time="7.127"/>
  <testcase classname="tests.AuthTest" name="verifySignup" time="4.951"/>
</testsuite> <!-- tests.AuthTest -->
