<?xml version="1.0" encoding="UTF-8"?>
<!-- Generated by org.testng.reporters.JUnitReportReporter -->
<testsuite hostname="LAPTOP-S80L74PF" failures="0" tests="5" name="tests.ProductTest" time="23.641" errors="0" timestamp="2026-04-26T20:52:27 IST" skipped="1">
  <testcase classname="tests.ProductTest" name="verifyProductDetailsForSelectedProduct" time="5.810">
    <skipped/>
  </testcase> <!-- verifyProductDetailsForSelectedProduct -->
  <testcase classname="tests.ProductTest" name="verifyProductDetailsForSelectedProduct" time="5.048"/>
  <testcase classname="tests.ProductTest" name="verifyHomeReloadsAllProducts" time="5.884"/>
  <testcase classname="tests.ProductTest" name="verifyPhonesCategoryProducts" time="3.314"/>
  <testcase classname="tests.ProductTest" name="verifyLaptopsCategoryProducts" time="3.585"/>
</testsuite> <!-- tests.ProductTest -->
