<?xml version="1.0" encoding="UTF-8"?>
<!-- Generated by org.testng.reporters.JUnitReportReporter -->
<testsuite hostname="LAPTOP-S80L74PF" failures="0" tests="5" name="tests.CartTest" time="54.032" errors="0" timestamp="2026-04-26T20:52:27 IST" skipped="1">
  <testcase classname="tests.CartTest" name="verifyDeleteProductFromCart" time="12.038"/>
  <testcase classname="tests.CartTest" name="verifyAddTwoProductsToCart" time="12.086"/>
  <testcase classname="tests.CartTest" name="verifyAddSingleProductToCart" time="3.445">
    <skipped/>
  </testcase> <!-- verifyAddSingleProductToCart -->
  <testcase classname="tests.CartTest" name="verifyTotalPriceAfterDeletion" time="14.981"/>
  <testcase classname="tests.CartTest" name="verifyAddSingleProductToCart" time="11.482"/>
</testsuite> <!-- tests.CartTest -->
