<?xml version="1.0" encoding="UTF-8"?>
<!-- Generated by org.testng.reporters.JUnitReportReporter -->
<testsuite hostname="LAPTOP-S80L74PF" failures="0" tests="4" name="tests.OrderTest" time="35.862" errors="0" timestamp="2026-04-26T20:52:27 IST" skipped="1">
  <testcase classname="tests.OrderTest" name="verifySuccessfulOrderPlacement" time="10.304"/>
  <testcase classname="tests.OrderTest" name="verifyOrderIdInConfirmation" time="11.336"/>
  <testcase classname="tests.OrderTest" name="verifyOrderWithEmptyFields" time="9.884"/>
  <testcase classname="tests.OrderTest" name="verifyOrderWithEmptyFields" time="4.338">
    <skipped/>
  </testcase> <!-- verifyOrderWithEmptyFields -->
</testsuite> <!-- tests.OrderTest -->
